C:\USERS\DELL\DESKTOP\0416_EPIDEMIC\0416_EPIDEMIC\DEBUG\CSPIDER_BITMAP_INIT.OBJ
C:\USERS\DELL\DESKTOP\0416_EPIDEMIC\0416_EPIDEMIC\DEBUG\CSPIDER_BITMAP_SET.OBJ
C:\USERS\DELL\DESKTOP\0416_EPIDEMIC\0416_EPIDEMIC\DEBUG\CSPIDER_BITMAP_TEST.OBJ
C:\USERS\DELL\DESKTOP\0416_EPIDEMIC\0416_EPIDEMIC\DEBUG\CSPIDER_BLOOMFILTER_DESTROY.OBJ
C:\USERS\DELL\DESKTOP\0416_EPIDEMIC\0416_EPIDEMIC\DEBUG\CSPIDER_BLOOMFILTER_INIT.OBJ
C:\USERS\DELL\DESKTOP\0416_EPIDEMIC\0416_EPIDEMIC\DEBUG\CSPIDER_BLOOMFILTER_INSERT.OBJ
C:\USERS\DELL\DESKTOP\0416_EPIDEMIC\0416_EPIDEMIC\DEBUG\CSPIDER_BLOOMFILTER_TEST.OBJ
C:\USERS\DELL\DESKTOP\0416_EPIDEMIC\0416_EPIDEMIC\DEBUG\CSPIDER_CONNECT_WEBSERVER.OBJ
C:\USERS\DELL\DESKTOP\0416_EPIDEMIC\0416_EPIDEMIC\DEBUG\CSPIDER_CREATE_OPENSSL.OBJ
C:\USERS\DELL\DESKTOP\0416_EPIDEMIC\0416_EPIDEMIC\DEBUG\CSPIDER_CREATE_REQUESTHEAD.OBJ
C:\USERS\DELL\DESKTOP\0416_EPIDEMIC\0416_EPIDEMIC\DEBUG\CSPIDER_DOWNLOAD.OBJ
C:\USERS\DELL\DESKTOP\0416_EPIDEMIC\0416_EPIDEMIC\DEBUG\CSPIDER_GET_STATUSCODE.OBJ
C:\USERS\DELL\DESKTOP\0416_EPIDEMIC\0416_EPIDEMIC\DEBUG\CSPIDER_MYSQL_CONNECT.OBJ
C:\USERS\DELL\DESKTOP\0416_EPIDEMIC\0416_EPIDEMIC\DEBUG\CSPIDER_MYSQL_UPDATE.OBJ
C:\USERS\DELL\DESKTOP\0416_EPIDEMIC\0416_EPIDEMIC\DEBUG\CSPIDER_FILE_MMAP.OBJ
C:\USERS\DELL\DESKTOP\0416_EPIDEMIC\0416_EPIDEMIC\DEBUG\CSPIDER_QUEUE_ADD.OBJ
C:\USERS\DELL\DESKTOP\0416_EPIDEMIC\0416_EPIDEMIC\DEBUG\CSPIDER_QUEUE_CREATE.OBJ
C:\USERS\DELL\DESKTOP\0416_EPIDEMIC\0416_EPIDEMIC\DEBUG\CSPIDER_QUEUE_DEL.OBJ
C:\USERS\DELL\DESKTOP\0416_EPIDEMIC\0416_EPIDEMIC\DEBUG\CSPIDER_SOCKET_CREATE.OBJ
C:\USERS\DELL\DESKTOP\0416_EPIDEMIC\0416_EPIDEMIC\DEBUG\MAIN.OBJ
C:\USERS\DELL\DESKTOP\0416_EPIDEMIC\0416_EPIDEMIC\DEBUG\CPSIDER_BITMAP_GETOFFEST.OBJ
C:\USERS\DELL\DESKTOP\0416_EPIDEMIC\0416_EPIDEMIC\DEBUG\CSPIDER_ANALYTICAL_HTML.OBJ
C:\USERS\DELL\DESKTOP\0416_EPIDEMIC\0416_EPIDEMIC\DEBUG\CSPIDER_ANALYTIC_URL.OBJ
C:\USERS\DELL\DESKTOP\0416_EPIDEMIC\0416_EPIDEMIC\DEBUG\CSPIDER_BITMAP_DESTROY.OBJ
C:\USERS\DELL\DESKTOP\0416_EPIDEMIC\0416_EPIDEMIC\DEBUG\VC110.PDB
C:\USERS\DELL\DESKTOP\0416_EPIDEMIC\DEBUG\0416_EPIDEMIC.ILK
C:\USERS\DELL\DESKTOP\0416_EPIDEMIC\DEBUG\0416_EPIDEMIC.EXE
C:\USERS\DELL\DESKTOP\0416_EPIDEMIC\DEBUG\0416_EPIDEMIC.PDB
C:\Users\dell\Desktop\0416_Epidemic\0416_Epidemic\Debug\Cpsider_BitMap_GetOffest.obj
C:\Users\dell\Desktop\0416_Epidemic\0416_Epidemic\Debug\Cspider_Analytical_Html.obj
C:\Users\dell\Desktop\0416_Epidemic\0416_Epidemic\Debug\Cspider_Analytic_Url.obj
C:\Users\dell\Desktop\0416_Epidemic\0416_Epidemic\Debug\Cspider_BitMap_Destroy.obj
C:\Users\dell\Desktop\0416_Epidemic\0416_Epidemic\Debug\Cspider_BitMap_Init.obj
C:\Users\dell\Desktop\0416_Epidemic\0416_Epidemic\Debug\Cspider_BitMap_Set.obj
C:\Users\dell\Desktop\0416_Epidemic\0416_Epidemic\Debug\Cspider_BitMap_Test.obj
C:\Users\dell\Desktop\0416_Epidemic\0416_Epidemic\Debug\Cspider_BloomFilter_Destroy.obj
C:\Users\dell\Desktop\0416_Epidemic\0416_Epidemic\Debug\Cspider_BloomFilter_Init.obj
C:\Users\dell\Desktop\0416_Epidemic\0416_Epidemic\Debug\Cspider_BloomFilter_Insert.obj
C:\Users\dell\Desktop\0416_Epidemic\0416_Epidemic\Debug\Cspider_BloomFilter_Test.obj
C:\Users\dell\Desktop\0416_Epidemic\0416_Epidemic\Debug\Cspider_Connect_Webserver.obj
C:\Users\dell\Desktop\0416_Epidemic\0416_Epidemic\Debug\Cspider_Create_Openssl.obj
C:\Users\dell\Desktop\0416_Epidemic\0416_Epidemic\Debug\Cspider_Create_Requesthead.obj
C:\Users\dell\Desktop\0416_Epidemic\0416_Epidemic\Debug\Cspider_Download.obj
C:\Users\dell\Desktop\0416_Epidemic\0416_Epidemic\Debug\Cspider_File_mmap.obj
C:\Users\dell\Desktop\0416_Epidemic\0416_Epidemic\Debug\Cspider_Get_Statuscode.obj
C:\Users\dell\Desktop\0416_Epidemic\0416_Epidemic\Debug\Cspider_Mysql_Connect.obj
C:\Users\dell\Desktop\0416_Epidemic\0416_Epidemic\Debug\Cspider_Mysql_Update.obj
C:\Users\dell\Desktop\0416_Epidemic\0416_Epidemic\Debug\Cspider_Queue_Add.obj
C:\Users\dell\Desktop\0416_Epidemic\0416_Epidemic\Debug\Cspider_Queue_Create.obj
C:\Users\dell\Desktop\0416_Epidemic\0416_Epidemic\Debug\Cspider_Queue_Del.obj
C:\Users\dell\Desktop\0416_Epidemic\0416_Epidemic\Debug\Cspider_Socket_Create.obj
C:\Users\dell\Desktop\0416_Epidemic\0416_Epidemic\Debug\main.obj
C:\Users\dell\Desktop\0416_Epidemic\0416_Epidemic\Debug\cl.command.1.tlog
C:\Users\dell\Desktop\0416_Epidemic\0416_Epidemic\Debug\CL.read.1.tlog
C:\Users\dell\Desktop\0416_Epidemic\0416_Epidemic\Debug\CL.write.1.tlog
C:\Users\dell\Desktop\0416_Epidemic\0416_Epidemic\Debug\link-cvtres.read.1.tlog
C:\Users\dell\Desktop\0416_Epidemic\0416_Epidemic\Debug\link-cvtres.write.1.tlog
C:\Users\dell\Desktop\0416_Epidemic\0416_Epidemic\Debug\link-rc.read.1.tlog
C:\Users\dell\Desktop\0416_Epidemic\0416_Epidemic\Debug\link-rc.write.1.tlog
C:\Users\dell\Desktop\0416_Epidemic\0416_Epidemic\Debug\link.11348-cvtres.read.1.tlog
C:\Users\dell\Desktop\0416_Epidemic\0416_Epidemic\Debug\link.11348-cvtres.write.1.tlog
C:\Users\dell\Desktop\0416_Epidemic\0416_Epidemic\Debug\link.11348-rc.read.1.tlog
C:\Users\dell\Desktop\0416_Epidemic\0416_Epidemic\Debug\link.11348-rc.write.1.tlog
C:\Users\dell\Desktop\0416_Epidemic\0416_Epidemic\Debug\link.11348.read.1.tlog
C:\Users\dell\Desktop\0416_Epidemic\0416_Epidemic\Debug\link.11348.write.1.tlog
C:\Users\dell\Desktop\0416_Epidemic\0416_Epidemic\Debug\link.12576-cvtres.read.1.tlog
C:\Users\dell\Desktop\0416_Epidemic\0416_Epidemic\Debug\link.12576-cvtres.write.1.tlog
C:\Users\dell\Desktop\0416_Epidemic\0416_Epidemic\Debug\link.12576-rc.read.1.tlog
C:\Users\dell\Desktop\0416_Epidemic\0416_Epidemic\Debug\link.12576-rc.write.1.tlog
C:\Users\dell\Desktop\0416_Epidemic\0416_Epidemic\Debug\link.12576.read.1.tlog
C:\Users\dell\Desktop\0416_Epidemic\0416_Epidemic\Debug\link.12576.write.1.tlog
C:\Users\dell\Desktop\0416_Epidemic\0416_Epidemic\Debug\link.13100-cvtres.read.1.tlog
C:\Users\dell\Desktop\0416_Epidemic\0416_Epidemic\Debug\link.13100-cvtres.write.1.tlog
C:\Users\dell\Desktop\0416_Epidemic\0416_Epidemic\Debug\link.13100-rc.read.1.tlog
C:\Users\dell\Desktop\0416_Epidemic\0416_Epidemic\Debug\link.13100-rc.write.1.tlog
C:\Users\dell\Desktop\0416_Epidemic\0416_Epidemic\Debug\link.13100.read.1.tlog
C:\Users\dell\Desktop\0416_Epidemic\0416_Epidemic\Debug\link.13100.write.1.tlog
C:\Users\dell\Desktop\0416_Epidemic\0416_Epidemic\Debug\link.13556-cvtres.read.1.tlog
C:\Users\dell\Desktop\0416_Epidemic\0416_Epidemic\Debug\link.13556-cvtres.write.1.tlog
C:\Users\dell\Desktop\0416_Epidemic\0416_Epidemic\Debug\link.13556-rc.read.1.tlog
C:\Users\dell\Desktop\0416_Epidemic\0416_Epidemic\Debug\link.13556-rc.write.1.tlog
C:\Users\dell\Desktop\0416_Epidemic\0416_Epidemic\Debug\link.13556.read.1.tlog
C:\Users\dell\Desktop\0416_Epidemic\0416_Epidemic\Debug\link.13556.write.1.tlog
C:\Users\dell\Desktop\0416_Epidemic\0416_Epidemic\Debug\link.15856-cvtres.read.1.tlog
C:\Users\dell\Desktop\0416_Epidemic\0416_Epidemic\Debug\link.15856-cvtres.write.1.tlog
C:\Users\dell\Desktop\0416_Epidemic\0416_Epidemic\Debug\link.15856-rc.read.1.tlog
C:\Users\dell\Desktop\0416_Epidemic\0416_Epidemic\Debug\link.15856-rc.write.1.tlog
C:\Users\dell\Desktop\0416_Epidemic\0416_Epidemic\Debug\link.15856.read.1.tlog
C:\Users\dell\Desktop\0416_Epidemic\0416_Epidemic\Debug\link.15856.write.1.tlog
C:\Users\dell\Desktop\0416_Epidemic\0416_Epidemic\Debug\link.16664-cvtres.read.1.tlog
C:\Users\dell\Desktop\0416_Epidemic\0416_Epidemic\Debug\link.16664-cvtres.write.1.tlog
C:\Users\dell\Desktop\0416_Epidemic\0416_Epidemic\Debug\link.16664-rc.read.1.tlog
C:\Users\dell\Desktop\0416_Epidemic\0416_Epidemic\Debug\link.16664-rc.write.1.tlog
C:\Users\dell\Desktop\0416_Epidemic\0416_Epidemic\Debug\link.16664.read.1.tlog
C:\Users\dell\Desktop\0416_Epidemic\0416_Epidemic\Debug\link.16664.write.1.tlog
C:\Users\dell\Desktop\0416_Epidemic\0416_Epidemic\Debug\link.18540.read.1.tlog
C:\Users\dell\Desktop\0416_Epidemic\0416_Epidemic\Debug\link.18540.write.1.tlog
C:\Users\dell\Desktop\0416_Epidemic\0416_Epidemic\Debug\link.19340.read.1.tlog
C:\Users\dell\Desktop\0416_Epidemic\0416_Epidemic\Debug\link.19340.write.1.tlog
C:\Users\dell\Desktop\0416_Epidemic\0416_Epidemic\Debug\link.4832-cvtres.read.1.tlog
C:\Users\dell\Desktop\0416_Epidemic\0416_Epidemic\Debug\link.4832-cvtres.write.1.tlog
C:\Users\dell\Desktop\0416_Epidemic\0416_Epidemic\Debug\link.4832-rc.read.1.tlog
C:\Users\dell\Desktop\0416_Epidemic\0416_Epidemic\Debug\link.4832-rc.write.1.tlog
C:\Users\dell\Desktop\0416_Epidemic\0416_Epidemic\Debug\link.4832.read.1.tlog
C:\Users\dell\Desktop\0416_Epidemic\0416_Epidemic\Debug\link.4832.write.1.tlog
C:\Users\dell\Desktop\0416_Epidemic\0416_Epidemic\Debug\link.860.read.1.tlog
C:\Users\dell\Desktop\0416_Epidemic\0416_Epidemic\Debug\link.860.write.1.tlog
C:\Users\dell\Desktop\0416_Epidemic\0416_Epidemic\Debug\link.command.1.tlog
C:\Users\dell\Desktop\0416_Epidemic\0416_Epidemic\Debug\link.read.1.tlog
C:\Users\dell\Desktop\0416_Epidemic\0416_Epidemic\Debug\link.write.1.tlog
C:\Users\dell\Desktop\0416_Epidemic\0416_Epidemic\Debug\vc110.idb
C:\Users\dell\Desktop\0416_Epidemic\0416_Epidemic\Debug\vc110.pdb
C:\Users\dell\Desktop\0416_Epidemic\Debug\0416_Epidemic.pdb
C:\Users\dell\Desktop\0416_Epidemic\Debug\0416_Epidemic.exe
C:\Users\dell\Desktop\0416_Epidemic\Debug\0416_Epidemic.ilk
